0 info it worked if it ends with ok
1 verbose cli [ '/Users/derekmiranda/.nvm/versions/node/v7.5.0/bin/node',
1 verbose cli   '/Users/derekmiranda/.nvm/versions/node/v7.5.0/bin/npm',
1 verbose cli   'version',
1 verbose cli   'patch' ]
2 info using npm@4.1.2
3 info using node@v7.5.0
4 info git [ 'status', '--porcelain' ]
5 verbose stack Error: Git working directory not clean.
5 verbose stack M client/viewer/viewer.html
5 verbose stack M package.json
5 verbose stack M server.js
5 verbose stack M socketController.js
5 verbose stack M yarn.lock
5 verbose stack     at /Users/derekmiranda/.nvm/versions/node/v7.5.0/lib/node_modules/npm/lib/version.js:247:19
5 verbose stack     at /Users/derekmiranda/.nvm/versions/node/v7.5.0/lib/node_modules/npm/lib/utils/no-progress-while-running.js:21:8
5 verbose stack     at ChildProcess.exithandler (child_process.js:202:7)
5 verbose stack     at emitTwo (events.js:106:13)
5 verbose stack     at ChildProcess.emit (events.js:192:7)
5 verbose stack     at maybeClose (internal/child_process.js:890:16)
5 verbose stack     at Socket.<anonymous> (internal/child_process.js:334:11)
5 verbose stack     at emitOne (events.js:96:13)
5 verbose stack     at Socket.emit (events.js:189:7)
5 verbose stack     at Pipe._handle.close [as _onclose] (net.js:501:12)
6 verbose cwd /Users/derekmiranda/projects/Codesmith/production/nile.js
7 error Darwin 14.4.0
8 error argv "/Users/derekmiranda/.nvm/versions/node/v7.5.0/bin/node" "/Users/derekmiranda/.nvm/versions/node/v7.5.0/bin/npm" "version" "patch"
9 error node v7.5.0
10 error npm  v4.1.2
11 error Git working directory not clean.
11 error M client/viewer/viewer.html
11 error M package.json
11 error M server.js
11 error M socketController.js
11 error M yarn.lock
12 error If you need help, you may report this error at:
12 error     <https://github.com/npm/npm/issues>
13 verbose exit [ 1, true ]
